<?xml version="1.0" encoding="UTF-8"?>
<coverage generated="1725653645849" clover="3.2.0">
  <project timestamp="1725653645849" name="All files">
    <metrics statements="38" coveredstatements="36" conditionals="7" coveredconditionals="6" methods="2" coveredmethods="2" elements="47" coveredelements="44" complexity="0" loc="38" ncloc="38" packages="1" files="1" classes="1"/>
    <file name="Calculator.tsx" path="/Users/ditmar/seminario/backoffice-openscience/src/ui/components/calculator/Calculator.tsx">
      <metrics statements="38" coveredstatements="36" conditionals="7" coveredconditionals="6" methods="2" coveredmethods="2"/>
      <line num="1" count="1" type="stmt"/>
      <line num="2" count="1" type="stmt"/>
      <line num="3" count="23" type="cond" truecount="1" falsecount="0"/>
      <line num="4" count="23" type="stmt"/>
      <line num="5" count="23" type="stmt"/>
      <line num="6" count="23" type="cond" truecount="1" falsecount="0"/>
      <line num="7" count="11" type="stmt"/>
      <line num="8" count="11" type="cond" truecount="1" falsecount="0"/>
      <line num="9" count="1" type="stmt"/>
      <line num="10" count="1" type="stmt"/>
      <line num="11" count="1" type="cond" truecount="0" falsecount="1"/>
      <line num="12" count="0" type="stmt"/>
      <line num="13" count="0" type="stmt"/>
      <line num="14" count="11" type="cond" truecount="1" falsecount="0"/>
      <line num="15" count="10" type="stmt"/>
      <line num="16" count="10" type="stmt"/>
      <line num="17" count="11" type="stmt"/>
      <line num="18" count="23" type="stmt"/>
      <line num="19" count="23" type="stmt"/>
      <line num="20" count="23" type="stmt"/>
      <line num="22" count="23" type="stmt"/>
      <line num="23" count="23" type="stmt"/>
      <line num="24" count="23" type="stmt"/>
      <line num="25" count="23" type="stmt"/>
      <line num="26" count="23" type="cond" truecount="1" falsecount="0"/>
      <line num="27" count="92" type="stmt"/>
      <line num="28" count="92" type="stmt"/>
      <line num="29" count="92" type="cond" truecount="1" falsecount="0"/>
      <line num="30" count="345" type="stmt"/>
      <line num="31" count="345" type="stmt"/>
      <line num="32" count="345" type="stmt"/>
      <line num="33" count="345" type="stmt"/>
      <line num="35" count="92" type="stmt"/>
      <line num="36" count="92" type="stmt"/>
      <line num="38" count="23" type="stmt"/>
      <line num="39" count="23" type="stmt"/>
      <line num="41" count="23" type="stmt"/>
      <line num="42" count="1" type="stmt"/>
    </file>
  </project>
</coverage>
