{"/Users/ditmar/seminario/backoffice-openscience/src/ui/components/calculator/Calculator.tsx": {"path":"/Users/ditmar/seminario/backoffice-openscience/src/ui/components/calculator/Calculator.tsx","all":false,"statementMap":{"0":{"start":{"line":1,"column":0},"end":{"line":1,"column":41}},"1":{"start":{"line":2,"column":0},"end":{"line":2,"column":40}},"2":{"start":{"line":3,"column":0},"end":{"line":3,"column":23}},"3":{"start":{"line":4,"column":0},"end":{"line":4,"column":47}},"4":{"start":{"line":5,"column":0},"end":{"line":5,"column":102}},"5":{"start":{"line":6,"column":0},"end":{"line":6,"column":38}},"6":{"start":{"line":7,"column":0},"end":{"line":7,"column":43}},"7":{"start":{"line":8,"column":0},"end":{"line":8,"column":34}},"8":{"start":{"line":9,"column":0},"end":{"line":9,"column":17}},"9":{"start":{"line":10,"column":0},"end":{"line":10,"column":42}},"10":{"start":{"line":11,"column":0},"end":{"line":11,"column":29}},"11":{"start":{"line":12,"column":0},"end":{"line":12,"column":36}},"12":{"start":{"line":13,"column":0},"end":{"line":13,"column":13}},"13":{"start":{"line":14,"column":0},"end":{"line":14,"column":16}},"14":{"start":{"line":15,"column":0},"end":{"line":15,"column":55}},"15":{"start":{"line":16,"column":0},"end":{"line":16,"column":9}},"16":{"start":{"line":17,"column":0},"end":{"line":17,"column":5}},"17":{"start":{"line":18,"column":0},"end":{"line":18,"column":12}},"18":{"start":{"line":19,"column":0},"end":{"line":19,"column":74}},"19":{"start":{"line":20,"column":0},"end":{"line":20,"column":15}},"21":{"start":{"line":22,"column":0},"end":{"line":22,"column":16}},"22":{"start":{"line":23,"column":0},"end":{"line":23,"column":32}},"23":{"start":{"line":24,"column":0},"end":{"line":24,"column":25}},"24":{"start":{"line":25,"column":0},"end":{"line":25,"column":17}},"25":{"start":{"line":26,"column":0},"end":{"line":26,"column":35}},"26":{"start":{"line":27,"column":0},"end":{"line":27,"column":24}},"27":{"start":{"line":28,"column":0},"end":{"line":28,"column":57}},"28":{"start":{"line":29,"column":0},"end":{"line":29,"column":49}},"29":{"start":{"line":30,"column":0},"end":{"line":30,"column":36}},"30":{"start":{"line":31,"column":0},"end":{"line":31,"column":106}},"31":{"start":{"line":32,"column":0},"end":{"line":32,"column":46}},"32":{"start":{"line":33,"column":0},"end":{"line":33,"column":42}},"34":{"start":{"line":35,"column":0},"end":{"line":35,"column":29}},"35":{"start":{"line":36,"column":0},"end":{"line":36,"column":27}},"37":{"start":{"line":38,"column":0},"end":{"line":38,"column":14}},"38":{"start":{"line":39,"column":0},"end":{"line":39,"column":14}},"40":{"start":{"line":41,"column":0},"end":{"line":41,"column":1}},"41":{"start":{"line":42,"column":0},"end":{"line":42,"column":26}}},"s":{"0":1,"1":1,"2":23,"3":23,"4":23,"5":23,"6":11,"7":11,"8":1,"9":1,"10":1,"11":0,"12":0,"13":11,"14":10,"15":10,"16":11,"17":23,"18":23,"19":23,"21":23,"22":23,"23":23,"24":23,"25":23,"26":92,"27":92,"28":92,"29":345,"30":345,"31":345,"32":345,"34":92,"35":92,"37":23,"38":23,"40":23,"41":1},"branchMap":{"0":{"type":"branch","line":3,"loc":{"start":{"line":3,"column":0},"end":{"line":41,"column":1}},"locations":[{"start":{"line":3,"column":0},"end":{"line":41,"column":1}}]},"1":{"type":"branch","line":6,"loc":{"start":{"line":6,"column":25},"end":{"line":17,"column":5}},"locations":[{"start":{"line":6,"column":25},"end":{"line":17,"column":5}}]},"2":{"type":"branch","line":8,"loc":{"start":{"line":8,"column":33},"end":{"line":14,"column":15}},"locations":[{"start":{"line":8,"column":33},"end":{"line":14,"column":15}}]},"3":{"type":"branch","line":11,"loc":{"start":{"line":11,"column":12},"end":{"line":13,"column":13}},"locations":[{"start":{"line":11,"column":12},"end":{"line":13,"column":13}}]},"4":{"type":"branch","line":14,"loc":{"start":{"line":14,"column":8},"end":{"line":16,"column":9}},"locations":[{"start":{"line":14,"column":8},"end":{"line":16,"column":9}}]},"5":{"type":"branch","line":26,"loc":{"start":{"line":26,"column":24},"end":{"line":38,"column":12}},"locations":[{"start":{"line":26,"column":24},"end":{"line":38,"column":12}}]},"6":{"type":"branch","line":29,"loc":{"start":{"line":29,"column":36},"end":{"line":35,"column":27}},"locations":[{"start":{"line":29,"column":36},"end":{"line":35,"column":27}}]}},"b":{"0":[23],"1":[11],"2":[1],"3":[0],"4":[10],"5":[92],"6":[345]},"fnMap":{"0":{"name":"Calculator","decl":{"start":{"line":3,"column":0},"end":{"line":41,"column":1}},"loc":{"start":{"line":3,"column":0},"end":{"line":41,"column":1}},"line":3},"1":{"name":"handlerEvent","decl":{"start":{"line":6,"column":25},"end":{"line":17,"column":5}},"loc":{"start":{"line":6,"column":25},"end":{"line":17,"column":5}},"line":6}},"f":{"0":23,"1":11}}
}
